<?xml version="1.0" encoding="utf-8"?><testsuites name="pytest tests"><testsuite name="pytest" errors="0" failures="0" skipped="0" tests="4" time="12.065" timestamp="2026-07-02T11:30:52.518740+00:00" hostname="agent-env-a0e8fbae-c7cd-450d-94d2-e7d58460bbb4"><testcase classname="tests.backend_test.TestDeleteAndClear" name="test_delete_requires_auth" time="0.453" /><testcase classname="tests.backend_test.TestDeleteAndClear" name="test_delete_unknown_id_404" time="0.428" /><testcase classname="tests.backend_test.TestDeleteAndClear" name="test_delete_single_result_removes_row_and_session" time="7.256" /><testcase classname="tests.backend_test.TestDeleteAndClear" name="test_clear_all_results" time="3.263" /></testsuite></testsuites>