<?xml version="1.0" encoding="utf-8"?><testsuites name="pytest tests"><testsuite name="pytest" errors="0" failures="0" skipped="0" tests="22" time="19.829" timestamp="2026-07-02T08:28:57.905284+00:00" hostname="agent-env-a0e8fbae-c7cd-450d-94d2-e7d58460bbb4"><testcase classname="tests.backend_test.TestSets" name="test_list_sets" time="0.243" /><testcase classname="tests.backend_test.TestAdminAuth" name="test_results_requires_auth" time="0.254" /><testcase classname="tests.backend_test.TestSets" name="test_get_questions_no_rubric_leak[A]" time="0.333" /><testcase classname="tests.backend_test.TestAdminAuth" name="test_wrong_password" time="0.323" /><testcase classname="tests.backend_test.TestSets" name="test_get_questions_no_rubric_leak[B]" time="0.324" /><testcase classname="tests.backend_test.TestAdminAuth" name="test_cookie_login_flow" time="0.542" /><testcase classname="tests.backend_test.TestSets" name="test_invalid_set_404" time="0.134" /><testcase classname="tests.backend_test.TestSessions" name="test_create_and_get_session" time="0.199" /><testcase classname="tests.backend_test.TestAdminAuth" name="test_bearer_header_fallback" time="0.606" /><testcase classname="tests.backend_test.TestSessions" name="test_invalid_set_rejected" time="0.228" /><testcase classname="tests.backend_test.TestSessions" name="test_empty_name_rejected" time="0.104" /><testcase classname="tests.backend_test.TestSessions" name="test_session_not_found" time="0.134" /><testcase classname="tests.backend_test.TestPythonExecution" name="test_python_pandas_shape" time="0.557" /><testcase classname="tests.backend_test.TestSqlExecution" name="test_sql_select_engineering_tag" time="0.095" /><testcase classname="tests.backend_test.TestSqlExecution" name="test_sql_bad_query" time="0.167" /><testcase classname="tests.backend_test.TestSqlExecution" name="test_sql_left_join_anti" time="0.130" /><testcase classname="tests.backend_test.TestSqlExecution" name="test_sql_empty" time="0.093" /><testcase classname="tests.backend_test.TestSubmitGrading" name="test_submit_and_history" time="5.796" /><testcase classname="tests.backend_test.TestPythonExecution" name="test_python_blocked_subprocess" time="0.097" /><testcase classname="tests.backend_test.TestPythonExecution" name="test_python_timeout" time="16.516" /><testcase classname="tests.backend_test.TestSubmitGrading" name="test_submit_nonexistent_session" time="0.130" /><testcase classname="tests.backend_test.TestPythonExecution" name="test_python_empty" time="0.330" /></testsuite></testsuites>