<?xml version="1.0" encoding="utf-8"?><testsuites name="pytest tests"><testsuite name="pytest" errors="0" failures="0" skipped="0" tests="18" time="18.753" timestamp="2026-07-02T08:16:27.282083+00:00" hostname="agent-env-a0e8fbae-c7cd-450d-94d2-e7d58460bbb4"><testcase classname="tests.backend_test.TestSets" name="test_list_sets" time="0.267" /><testcase classname="tests.backend_test.TestSessions" name="test_create_and_get_session" time="0.422" /><testcase classname="tests.backend_test.TestSets" name="test_get_questions_no_rubric_leak[A]" time="0.098" /><testcase classname="tests.backend_test.TestSets" name="test_get_questions_no_rubric_leak[B]" time="0.101" /><testcase classname="tests.backend_test.TestSessions" name="test_invalid_set_rejected" time="0.105" /><testcase classname="tests.backend_test.TestSets" name="test_invalid_set_404" time="0.110" /><testcase classname="tests.backend_test.TestSessions" name="test_empty_name_rejected" time="0.099" /><testcase classname="tests.backend_test.TestSqlExecution" name="test_sql_select_engineering_tag" time="0.112" /><testcase classname="tests.backend_test.TestSessions" name="test_session_not_found" time="0.135" /><testcase classname="tests.backend_test.TestSqlExecution" name="test_sql_bad_query" time="0.137" /><testcase classname="tests.backend_test.TestPythonExecution" name="test_python_pandas_shape" time="0.541" /><testcase classname="tests.backend_test.TestSqlExecution" name="test_sql_left_join_anti" time="0.163" /><testcase classname="tests.backend_test.TestSqlExecution" name="test_sql_empty" time="0.194" /><testcase classname="tests.backend_test.TestSubmitGrading" name="test_submit_and_history" time="10.906" /><testcase classname="tests.backend_test.TestPythonExecution" name="test_python_blocked_subprocess" time="1.551" /><testcase classname="tests.backend_test.TestPythonExecution" name="test_python_timeout" time="15.104" /><testcase classname="tests.backend_test.TestSubmitGrading" name="test_submit_nonexistent_session" time="0.134" /><testcase classname="tests.backend_test.TestPythonExecution" name="test_python_empty" time="0.121" /></testsuite></testsuites>